<?xml version="1.0" encoding="UTF-8"?>
<!-- Generated by org.testng.reporters.JUnitXMLReporter -->
<testsuite ignored="0" hostname="GGVK" failures="1" tests="6" name="Test" time="23.902" errors="0" timestamp="2021-08-31T18:06:14 IST">
  <testcase classname="completeAID.testcases" name="TC3" time="3.038"/>
  <testcase classname="completeAID.testcases" name="TC2" time="2.553"/>
  <testcase classname="completeAID.testcases" name="TC1" time="4.865"/>
  <testcase classname="completeAID.testcases" name="TC4" time="2.51"/>
  <testcase classname="completeAID.testcases" name="TC5" time="4.006"/>
  <testcase classname="completeAID.redbus" name="f" time="0.002">
    <failure type="java.lang.NullPointerException" message="Cannot invoke &amp;quot;org.openqa.selenium.WebDriver.get(String)&amp;quot; because &amp;quot;this.bo&amp;quot; is null">
      <![CDATA[java.lang.NullPointerException: Cannot invoke "org.openqa.selenium.WebDriver.get(String)" because "this.bo" is null
at completeAID.redbus.f(redbus.java:13)
at java.base/java.util.ArrayList.forEach(ArrayList.java:1511)
... Removed 27 stack frames]]>
    </failure>
  </testcase> <!-- f -->
</testsuite> <!-- Test -->
