<?xml version="1.0" encoding="UTF-8"?>
<testng-results ignored="0" total="2" passed="2" failed="0" skipped="0">
  <reporter-output>
  </reporter-output>
  <suite started-at="2021-08-31T17:14:40 IST" name="Default suite" finished-at="2021-08-31T17:14:53 IST" duration-ms="12977">
    <groups>
    </groups>
    <test started-at="2021-08-31T17:14:40 IST" name="Default test" finished-at="2021-08-31T17:14:53 IST" duration-ms="12977">
      <class name="completeAID.testcases">
        <test-method is-config="true" signature="beforemethod()[pri:0, instance:completeAID.testcases@693fe6c9]" started-at="2021-08-31T17:14:40 IST" name="beforemethod" finished-at="2021-08-31T17:14:42 IST" duration-ms="1863" status="PASS">
          <reporter-output>
          </reporter-output>
        </test-method> <!-- beforemethod -->
        <test-method signature="TC1()[pri:0, instance:completeAID.testcases@693fe6c9]" started-at="2021-08-31T17:14:42 IST" name="TC1" finished-at="2021-08-31T17:14:49 IST" duration-ms="6915" status="PASS">
          <reporter-output>
          </reporter-output>
        </test-method> <!-- TC1 -->
        <test-method is-config="true" signature="aftermethod()[pri:0, instance:completeAID.testcases@693fe6c9]" started-at="2021-08-31T17:14:49 IST" name="aftermethod" finished-at="2021-08-31T17:14:49 IST" duration-ms="45" status="PASS">
          <reporter-output>
          </reporter-output>
        </test-method> <!-- aftermethod -->
        <test-method is-config="true" signature="beforemethod()[pri:0, instance:completeAID.testcases@693fe6c9]" started-at="2021-08-31T17:14:49 IST" name="beforemethod" finished-at="2021-08-31T17:14:50 IST" duration-ms="1190" status="PASS">
          <reporter-output>
          </reporter-output>
        </test-method> <!-- beforemethod -->
        <test-method signature="TC2()[pri:0, instance:completeAID.testcases@693fe6c9]" started-at="2021-08-31T17:14:50 IST" name="TC2" finished-at="2021-08-31T17:14:53 IST" duration-ms="2888" status="PASS">
          <reporter-output>
          </reporter-output>
        </test-method> <!-- TC2 -->
        <test-method is-config="true" signature="aftermethod()[pri:0, instance:completeAID.testcases@693fe6c9]" started-at="2021-08-31T17:14:53 IST" name="aftermethod" finished-at="2021-08-31T17:14:53 IST" duration-ms="34" status="PASS">
          <reporter-output>
          </reporter-output>
        </test-method> <!-- aftermethod -->
      </class> <!-- completeAID.testcases -->
    </test> <!-- Default test -->
  </suite> <!-- Default suite -->
</testng-results>
