<?xml version="1.0" encoding="UTF-8"?>
<testng-results ignored="0" total="1" passed="1" failed="0" skipped="0">
  <reporter-output>
  </reporter-output>
  <suite started-at="2021-08-31T18:15:39 IST" name="Default suite" finished-at="2021-08-31T18:15:47 IST" duration-ms="7958">
    <groups>
    </groups>
    <test started-at="2021-08-31T18:15:39 IST" name="Default test" finished-at="2021-08-31T18:15:47 IST" duration-ms="7958">
      <class name="completeAID.redbus">
        <test-method is-config="true" signature="beforemethod()[pri:0, instance:completeAID.redbus@1613674b]" started-at="2021-08-31T18:15:39 IST" name="beforemethod" finished-at="2021-08-31T18:15:41 IST" duration-ms="2165" status="PASS">
          <reporter-output>
          </reporter-output>
        </test-method> <!-- beforemethod -->
        <test-method signature="f()[pri:0, instance:completeAID.redbus@1613674b]" started-at="2021-08-31T18:15:41 IST" name="f" finished-at="2021-08-31T18:15:47 IST" duration-ms="5752" status="PASS">
          <reporter-output>
          </reporter-output>
        </test-method> <!-- f -->
      </class> <!-- completeAID.redbus -->
    </test> <!-- Default test -->
  </suite> <!-- Default suite -->
</testng-results>
